<?xml version="1.0" encoding="UTF-8"?>
<testsuite xmlns:xsi="http://www.w3.org/2001/XMLSchema-instance" xsi:noNamespaceSchemaLocation="https://maven.apache.org/surefire/maven-surefire-plugin/xsd/surefire-test-report-3.0.xsd" version="3.0" name="com.qa.runner.Runner" time="154.09" tests="8" errors="1" skipped="0" failures="0">
  <properties>
[...]
</properties>
  <testcase name="User is on Home Page" classname="Select Product" time="33.371">
    <system-out><![CDATA[driver initailzed as :ChromeDriver: chrome on WINDOWS (29a8866be10d126843c3cee81567678d)
driver Recieved asChromeDriver: chrome on WINDOWS (29a8866be10d126843c3cee81567678d)
[[ChromeDriver: chrome on WINDOWS (29a8866be10d126843c3cee81567678d)] -> xpath: //input[@class='_2zrpKA _1dBPDZ']]
[[ChromeDriver: chrome on WINDOWS (29a8866be10d126843c3cee81567678d)] -> xpath: //input[@class='_2zrpKA _3v41xv _1dBPDZ']]
call product age :CDwindow-0C4A5FD6AE7A3D4D39F88F1A03FD3E78
exit check product
inside then
]]></system-out>
    <system-err><![CDATA[Starting ChromeDriver 84.0.4147.30 (48b3e868b4cc0aa7e8149519690b6f6949e110a8-refs/branch-heads/4147@{#310}) on port 32069
Only local connections are allowed.
Please see https://chromedriver.chromium.org/security-considerations for suggestions on keeping ChromeDriver safe.
ChromeDriver was started successfully.
[1599020781.277][WARNING]: This version of ChromeDriver has not been tested with Chrome version 85.
Sep 02, 2020 9:56:23 AM org.openqa.selenium.remote.ProtocolHandshake createSession
INFO: Detected dialect: W3C
]]></system-err>
  </testcase>
  <testcase name="Product is Added To Cart" classname="Select Product" time="30.471">
    <system-out><![CDATA[driver initailzed as :ChromeDriver: chrome on WINDOWS (d55ddf8d3825ad01deeaf8e72250442f)
driver Recieved asChromeDriver: chrome on WINDOWS (d55ddf8d3825ad01deeaf8e72250442f)
[[ChromeDriver: chrome on WINDOWS (d55ddf8d3825ad01deeaf8e72250442f)] -> xpath: //input[@class='_2zrpKA _1dBPDZ']]
[[ChromeDriver: chrome on WINDOWS (d55ddf8d3825ad01deeaf8e72250442f)] -> xpath: //input[@class='_2zrpKA _3v41xv _1dBPDZ']]
call product age :CDwindow-FBAE0CAAA2838A1C20D82854D6B301A8
exit check product
clicking on add to cart
]]></system-out>
    <system-err><![CDATA[Starting ChromeDriver 84.0.4147.30 (48b3e868b4cc0aa7e8149519690b6f6949e110a8-refs/branch-heads/4147@{#310}) on port 42675
Only local connections are allowed.
Please see https://chromedriver.chromium.org/security-considerations for suggestions on keeping ChromeDriver safe.
ChromeDriver was started successfully.
[1599020901.860][WARNING]: This version of ChromeDriver has not been tested with Chrome version 85.
Sep 02, 2020 9:58:23 AM org.openqa.selenium.remote.ProtocolHandshake createSession
INFO: Detected dialect: W3C
]]></system-err>
  </testcase>
  <testcase name="User add below products into cart" classname="Cart Items" time="13.077">
    <error message="stale element reference: element is not attached to the page document&#10;  (Session info: chrome=85.0.4183.83)&#10;For documentation on this error, please visit: http://seleniumhq.org/exceptions/stale_element_reference.html&#10;Build info: version: &apos;3.14.0&apos;, revision: &apos;aacccce0&apos;, time: &apos;2018-08-02T20:19:58.91Z&apos;&#10;System info: host: &apos;LAPTOP-DQ5HS337&apos;, ip: &apos;192.168.0.100&apos;, os.name: &apos;Windows 10&apos;, os.arch: &apos;amd64&apos;, os.version: &apos;10.0&apos;, java.version: &apos;1.8.0_181&apos;&#10;Driver info: org.openqa.selenium.chrome.ChromeDriver&#10;Capabilities {acceptInsecureCerts: false, browserName: chrome, browserVersion: 85.0.4183.83, chrome: {chromedriverVersion: 84.0.4147.30 (48b3e868b4cc0..., userDataDir: C:\Users\ABHISH~1\AppData\L...}, goog:chromeOptions: {debuggerAddress: localhost:65381}, javascriptEnabled: true, networkConnectionEnabled: false, pageLoadStrategy: normal, platform: WINDOWS, platformName: WINDOWS, proxy: Proxy(), setWindowRect: true, strictFileInteractability: false, timeouts: {implicit: 0, pageLoad: 300000, script: 30000}, unhandledPromptBehavior: dismiss and notify, webauthn:virtualAuthenticators: true}&#10;Session ID: 451240342a70f48e8d9a8056a7b8d04d" type="org.openqa.selenium.StaleElementReferenceException"><![CDATA[org.openqa.selenium.StaleElementReferenceException: 
stale element reference: element is not attached to the page document
  (Session info: chrome=85.0.4183.83)
For documentation on this error, please visit: http://seleniumhq.org/exceptions/stale_element_reference.html
Build info: version: '3.14.0', revision: 'aacccce0', time: '2018-08-02T20:19:58.91Z'
System info: host: 'LAPTOP-DQ5HS337', ip: '192.168.0.100', os.name: 'Windows 10', os.arch: 'amd64', os.version: '10.0', java.version: '1.8.0_181'
Driver info: org.openqa.selenium.chrome.ChromeDriver
Capabilities {acceptInsecureCerts: false, browserName: chrome, browserVersion: 85.0.4183.83, chrome: {chromedriverVersion: 84.0.4147.30 (48b3e868b4cc0..., userDataDir: C:\Users\ABHISH~1\AppData\L...}, goog:chromeOptions: {debuggerAddress: localhost:65381}, javascriptEnabled: true, networkConnectionEnabled: false, pageLoadStrategy: normal, platform: WINDOWS, platformName: WINDOWS, proxy: Proxy(), setWindowRect: true, strictFileInteractability: false, timeouts: {implicit: 0, pageLoad: 300000, script: 30000}, unhandledPromptBehavior: dismiss and notify, webauthn:virtualAuthenticators: true}
Session ID: 451240342a70f48e8d9a8056a7b8d04d
]]></error>
    <system-out><![CDATA[driver initailzed as :ChromeDriver: chrome on WINDOWS (451240342a70f48e8d9a8056a7b8d04d)
driver Recieved asChromeDriver: chrome on WINDOWS (451240342a70f48e8d9a8056a7b8d04d)
[[ChromeDriver: chrome on WINDOWS (451240342a70f48e8d9a8056a7b8d04d)] -> xpath: //input[@class='_2zrpKA _1dBPDZ']]
[[ChromeDriver: chrome on WINDOWS (451240342a70f48e8d9a8056a7b8d04d)] -> xpath: //input[@class='_2zrpKA _3v41xv _1dBPDZ']]
]]></system-out>
    <system-err><![CDATA[Starting ChromeDriver 84.0.4147.30 (48b3e868b4cc0aa7e8149519690b6f6949e110a8-refs/branch-heads/4147@{#310}) on port 2236
Only local connections are allowed.
Please see https://chromedriver.chromium.org/security-considerations for suggestions on keeping ChromeDriver safe.
ChromeDriver was started successfully.
[1599020812.281][WARNING]: This version of ChromeDriver has not been tested with Chrome version 85.
Sep 02, 2020 9:56:54 AM org.openqa.selenium.remote.ProtocolHandshake createSession
INFO: Detected dialect: W3C
]]></system-err>
  </testcase>
  <testcase name="User Navigate to His Choice of Menu" classname="User Navigate to Menu" time="23.198">
    <system-out><![CDATA[driver initailzed as :ChromeDriver: chrome on WINDOWS (46ab0f19fe14de2fe3609249e6640e36)
driver Recieved asChromeDriver: chrome on WINDOWS (46ab0f19fe14de2fe3609249e6640e36)
[[ChromeDriver: chrome on WINDOWS (46ab0f19fe14de2fe3609249e6640e36)] -> xpath: //input[@class='_2zrpKA _1dBPDZ']]
[[ChromeDriver: chrome on WINDOWS (46ab0f19fe14de2fe3609249e6640e36)] -> xpath: //input[@class='_2zrpKA _3v41xv _1dBPDZ']]
]]></system-out>
    <system-err><![CDATA[Starting ChromeDriver 84.0.4147.30 (48b3e868b4cc0aa7e8149519690b6f6949e110a8-refs/branch-heads/4147@{#310}) on port 27779
Only local connections are allowed.
Please see https://chromedriver.chromium.org/security-considerations for suggestions on keeping ChromeDriver safe.
ChromeDriver was started successfully.
[1599020825.522][WARNING]: This version of ChromeDriver has not been tested with Chrome version 85.
Sep 02, 2020 9:57:07 AM org.openqa.selenium.remote.ProtocolHandshake createSession
INFO: Detected dialect: W3C
]]></system-err>
  </testcase>
  <testcase name="Login with Different Credentials" classname="Login TO Flipkart" time="16.582">
    <system-out><![CDATA[driver initailzed as :ChromeDriver: chrome on WINDOWS (e7ffde3a3879af3c4102f1edad1f80e2)
driver Recieved asChromeDriver: chrome on WINDOWS (e7ffde3a3879af3c4102f1edad1f80e2)
[[ChromeDriver: chrome on WINDOWS (e7ffde3a3879af3c4102f1edad1f80e2)] -> xpath: //input[@class='_2zrpKA _1dBPDZ']]
[[ChromeDriver: chrome on WINDOWS (e7ffde3a3879af3c4102f1edad1f80e2)] -> xpath: //input[@class='_2zrpKA _3v41xv _1dBPDZ']]
1
]]></system-out>
    <system-err><![CDATA[Starting ChromeDriver 84.0.4147.30 (48b3e868b4cc0aa7e8149519690b6f6949e110a8-refs/branch-heads/4147@{#310}) on port 19633
Only local connections are allowed.
Please see https://chromedriver.chromium.org/security-considerations for suggestions on keeping ChromeDriver safe.
ChromeDriver was started successfully.
[1599020848.926][WARNING]: This version of ChromeDriver has not been tested with Chrome version 85.
Sep 02, 2020 9:57:31 AM org.openqa.selenium.remote.ProtocolHandshake createSession
INFO: Detected dialect: W3C
]]></system-err>
  </testcase>
  <testcase name="Login with Different Credentials" classname="Login TO Flipkart" time="13.866">
    <system-out><![CDATA[driver initailzed as :ChromeDriver: chrome on WINDOWS (ff9482d5a1b19e29c790b883f0c589e9)
driver Recieved asChromeDriver: chrome on WINDOWS (ff9482d5a1b19e29c790b883f0c589e9)
[[ChromeDriver: chrome on WINDOWS (ff9482d5a1b19e29c790b883f0c589e9)] -> xpath: //input[@class='_2zrpKA _1dBPDZ']]
[[ChromeDriver: chrome on WINDOWS (ff9482d5a1b19e29c790b883f0c589e9)] -> xpath: //input[@class='_2zrpKA _3v41xv _1dBPDZ']]
1
]]></system-out>
    <system-err><![CDATA[Starting ChromeDriver 84.0.4147.30 (48b3e868b4cc0aa7e8149519690b6f6949e110a8-refs/branch-heads/4147@{#310}) on port 14460
Only local connections are allowed.
Please see https://chromedriver.chromium.org/security-considerations for suggestions on keeping ChromeDriver safe.
ChromeDriver was started successfully.
[1599020865.051][WARNING]: This version of ChromeDriver has not been tested with Chrome version 85.
Sep 02, 2020 9:57:47 AM org.openqa.selenium.remote.ProtocolHandshake createSession
INFO: Detected dialect: W3C
]]></system-err>
  </testcase>
  <testcase name="Login with Different Credentials" classname="Login TO Flipkart" time="11.516">
    <system-out><![CDATA[driver initailzed as :ChromeDriver: chrome on WINDOWS (12cd5d94013a2c6dc0a197328737cfc8)
driver Recieved asChromeDriver: chrome on WINDOWS (12cd5d94013a2c6dc0a197328737cfc8)
[[ChromeDriver: chrome on WINDOWS (12cd5d94013a2c6dc0a197328737cfc8)] -> xpath: //input[@class='_2zrpKA _1dBPDZ']]
[[ChromeDriver: chrome on WINDOWS (12cd5d94013a2c6dc0a197328737cfc8)] -> xpath: //input[@class='_2zrpKA _3v41xv _1dBPDZ']]
0
Please enter valid Email ID/Mobile number
]]></system-out>
    <system-err><![CDATA[Starting ChromeDriver 84.0.4147.30 (48b3e868b4cc0aa7e8149519690b6f6949e110a8-refs/branch-heads/4147@{#310}) on port 44545
Only local connections are allowed.
Please see https://chromedriver.chromium.org/security-considerations for suggestions on keeping ChromeDriver safe.
ChromeDriver was started successfully.
[1599020879.300][WARNING]: This version of ChromeDriver has not been tested with Chrome version 85.
Sep 02, 2020 9:58:01 AM org.openqa.selenium.remote.ProtocolHandshake createSession
INFO: Detected dialect: W3C
]]></system-err>
  </testcase>
  <testcase name="Login with Different Credentials" classname="Login TO Flipkart" time="11.342">
    <system-out><![CDATA[driver initailzed as :ChromeDriver: chrome on WINDOWS (78bfab3c287e9ec853e8e4c8c972f9e2)
driver Recieved asChromeDriver: chrome on WINDOWS (78bfab3c287e9ec853e8e4c8c972f9e2)
[[ChromeDriver: chrome on WINDOWS (78bfab3c287e9ec853e8e4c8c972f9e2)] -> xpath: //input[@class='_2zrpKA _1dBPDZ']]
[[ChromeDriver: chrome on WINDOWS (78bfab3c287e9ec853e8e4c8c972f9e2)] -> xpath: //input[@class='_2zrpKA _3v41xv _1dBPDZ']]
0
Your username or password is incorrect
]]></system-out>
    <system-err><![CDATA[Starting ChromeDriver 84.0.4147.30 (48b3e868b4cc0aa7e8149519690b6f6949e110a8-refs/branch-heads/4147@{#310}) on port 14150
Only local connections are allowed.
Please see https://chromedriver.chromium.org/security-considerations for suggestions on keeping ChromeDriver safe.
ChromeDriver was started successfully.
[1599020890.494][WARNING]: This version of ChromeDriver has not been tested with Chrome version 85.
Sep 02, 2020 9:58:12 AM org.openqa.selenium.remote.ProtocolHandshake createSession
INFO: Detected dialect: W3C
]]></system-err>
  </testcase>
</testsuite>