<?xml version="1.0" encoding="UTF-8"?>
<testsuite xmlns:xsi="http://www.w3.org/2001/XMLSchema-instance" xsi:noNamespaceSchemaLocation="https://maven.apache.org/surefire/maven-surefire-plugin/xsd/surefire-test-report-3.0.xsd" version="3.0" name="com.qa.runner.Runner" time="222.247" tests="9" errors="2" skipped="0" failures="0">
  <properties>
[...]
</properties>
  <testcase name="User is on Home Page" classname="Select Product" time="44.698">
    <system-out><![CDATA[driver initailzed as :ChromeDriver: chrome on WINDOWS (417c34cc0cd894cdf2c662f42ac0a3cf)
driver Recieved asChromeDriver: chrome on WINDOWS (417c34cc0cd894cdf2c662f42ac0a3cf)
[[ChromeDriver: chrome on WINDOWS (417c34cc0cd894cdf2c662f42ac0a3cf)] -> xpath: //input[@class='_2zrpKA _1dBPDZ']]
[[ChromeDriver: chrome on WINDOWS (417c34cc0cd894cdf2c662f42ac0a3cf)] -> xpath: //input[@class='_2zrpKA _3v41xv _1dBPDZ']]
Main Category Found As: [[ChromeDriver: chrome on WINDOWS (417c34cc0cd894cdf2c662f42ac0a3cf)] -> xpath: //span[@class='_1QZ6fC _3Lgyp8']]
Returning MainMenuFOund as true
Electronics
call product age :CDwindow-5CBF1EC65BB5123E1862C4DA903DB2CD
exit check product
inside then
]]></system-out>
    <system-err><![CDATA[Starting ChromeDriver 84.0.4147.30 (48b3e868b4cc0aa7e8149519690b6f6949e110a8-refs/branch-heads/4147@{#310}) on port 2112
Only local connections are allowed.
Please see https://chromedriver.chromium.org/security-considerations for suggestions on keeping ChromeDriver safe.
ChromeDriver was started successfully.
[1599112553.127][WARNING]: This version of ChromeDriver has not been tested with Chrome version 85.
Sep 03, 2020 11:25:55 AM org.openqa.selenium.remote.ProtocolHandshake createSession
INFO: Detected dialect: W3C
]]></system-err>
  </testcase>
  <testcase name="Product is Added To Cart" classname="Select Product" time="34.039">
    <system-out><![CDATA[driver initailzed as :ChromeDriver: chrome on WINDOWS (058950de144d1765e0dee9b4ab2f40e8)
driver Recieved asChromeDriver: chrome on WINDOWS (058950de144d1765e0dee9b4ab2f40e8)
[[ChromeDriver: chrome on WINDOWS (058950de144d1765e0dee9b4ab2f40e8)] -> xpath: //input[@class='_2zrpKA _1dBPDZ']]
[[ChromeDriver: chrome on WINDOWS (058950de144d1765e0dee9b4ab2f40e8)] -> xpath: //input[@class='_2zrpKA _3v41xv _1dBPDZ']]
Main Category Found As: [[ChromeDriver: chrome on WINDOWS (058950de144d1765e0dee9b4ab2f40e8)] -> xpath: //span[@class='_1QZ6fC _3Lgyp8']]
Returning MainMenuFOund as true
Electronics
call product age :CDwindow-2D35B5A09CA853CA07B11B784B7ACF97
exit check product
clicking on add to cart
]]></system-out>
    <system-err><![CDATA[Starting ChromeDriver 84.0.4147.30 (48b3e868b4cc0aa7e8149519690b6f6949e110a8-refs/branch-heads/4147@{#310}) on port 29712
Only local connections are allowed.
Please see https://chromedriver.chromium.org/security-considerations for suggestions on keeping ChromeDriver safe.
ChromeDriver was started successfully.
[1599112704.322][WARNING]: This version of ChromeDriver has not been tested with Chrome version 85.
Sep 03, 2020 11:28:26 AM org.openqa.selenium.remote.ProtocolHandshake createSession
INFO: Detected dialect: W3C
]]></system-err>
  </testcase>
  <testcase name="Product is Added To Cart" classname="Select Product" time="34.247">
    <system-out><![CDATA[driver initailzed as :ChromeDriver: chrome on WINDOWS (254a08675b1a6c4d227e175d033b342c)
driver Recieved asChromeDriver: chrome on WINDOWS (254a08675b1a6c4d227e175d033b342c)
[[ChromeDriver: chrome on WINDOWS (254a08675b1a6c4d227e175d033b342c)] -> xpath: //input[@class='_2zrpKA _1dBPDZ']]
[[ChromeDriver: chrome on WINDOWS (254a08675b1a6c4d227e175d033b342c)] -> xpath: //input[@class='_2zrpKA _3v41xv _1dBPDZ']]
Main Category Found As: [[ChromeDriver: chrome on WINDOWS (254a08675b1a6c4d227e175d033b342c)] -> xpath: //span[@class='_1QZ6fC _3Lgyp8']]
Returning MainMenuFOund as true
TVs & Appliances
call product age :CDwindow-595B0C8EB32993664B639DFF6A40CBCF
exit check product
clicking on add to cart
]]></system-out>
    <system-err><![CDATA[Starting ChromeDriver 84.0.4147.30 (48b3e868b4cc0aa7e8149519690b6f6949e110a8-refs/branch-heads/4147@{#310}) on port 18213
Only local connections are allowed.
Please see https://chromedriver.chromium.org/security-considerations for suggestions on keeping ChromeDriver safe.
ChromeDriver was started successfully.
[1599112739.281][WARNING]: This version of ChromeDriver has not been tested with Chrome version 85.
Sep 03, 2020 11:29:01 AM org.openqa.selenium.remote.ProtocolHandshake createSession
INFO: Detected dialect: W3C
]]></system-err>
  </testcase>
  <testcase name="User add below products into cart" classname="Cart Items" time="13.972">
    <error message="stale element reference: element is not attached to the page document&#10;  (Session info: chrome=85.0.4183.83)&#10;For documentation on this error, please visit: http://seleniumhq.org/exceptions/stale_element_reference.html&#10;Build info: version: &apos;3.14.0&apos;, revision: &apos;aacccce0&apos;, time: &apos;2018-08-02T20:19:58.91Z&apos;&#10;System info: host: &apos;LAPTOP-DQ5HS337&apos;, ip: &apos;192.168.0.101&apos;, os.name: &apos;Windows 10&apos;, os.arch: &apos;amd64&apos;, os.version: &apos;10.0&apos;, java.version: &apos;1.8.0_181&apos;&#10;Driver info: org.openqa.selenium.chrome.ChromeDriver&#10;Capabilities {acceptInsecureCerts: false, browserName: chrome, browserVersion: 85.0.4183.83, chrome: {chromedriverVersion: 84.0.4147.30 (48b3e868b4cc0..., userDataDir: C:\Users\ABHISH~1\AppData\L...}, goog:chromeOptions: {debuggerAddress: localhost:64167}, javascriptEnabled: true, networkConnectionEnabled: false, pageLoadStrategy: normal, platform: WINDOWS, platformName: WINDOWS, proxy: Proxy(), setWindowRect: true, strictFileInteractability: false, timeouts: {implicit: 0, pageLoad: 300000, script: 30000}, unhandledPromptBehavior: dismiss and notify, webauthn:virtualAuthenticators: true}&#10;Session ID: 30b2d758e508de836e1612fc3a7bb49f" type="org.openqa.selenium.StaleElementReferenceException"><![CDATA[org.openqa.selenium.StaleElementReferenceException: 
stale element reference: element is not attached to the page document
  (Session info: chrome=85.0.4183.83)
For documentation on this error, please visit: http://seleniumhq.org/exceptions/stale_element_reference.html
Build info: version: '3.14.0', revision: 'aacccce0', time: '2018-08-02T20:19:58.91Z'
System info: host: 'LAPTOP-DQ5HS337', ip: '192.168.0.101', os.name: 'Windows 10', os.arch: 'amd64', os.version: '10.0', java.version: '1.8.0_181'
Driver info: org.openqa.selenium.chrome.ChromeDriver
Capabilities {acceptInsecureCerts: false, browserName: chrome, browserVersion: 85.0.4183.83, chrome: {chromedriverVersion: 84.0.4147.30 (48b3e868b4cc0..., userDataDir: C:\Users\ABHISH~1\AppData\L...}, goog:chromeOptions: {debuggerAddress: localhost:64167}, javascriptEnabled: true, networkConnectionEnabled: false, pageLoadStrategy: normal, platform: WINDOWS, platformName: WINDOWS, proxy: Proxy(), setWindowRect: true, strictFileInteractability: false, timeouts: {implicit: 0, pageLoad: 300000, script: 30000}, unhandledPromptBehavior: dismiss and notify, webauthn:virtualAuthenticators: true}
Session ID: 30b2d758e508de836e1612fc3a7bb49f
]]></error>
    <system-out><![CDATA[driver initailzed as :ChromeDriver: chrome on WINDOWS (30b2d758e508de836e1612fc3a7bb49f)
driver Recieved asChromeDriver: chrome on WINDOWS (30b2d758e508de836e1612fc3a7bb49f)
[[ChromeDriver: chrome on WINDOWS (30b2d758e508de836e1612fc3a7bb49f)] -> xpath: //input[@class='_2zrpKA _1dBPDZ']]
[[ChromeDriver: chrome on WINDOWS (30b2d758e508de836e1612fc3a7bb49f)] -> xpath: //input[@class='_2zrpKA _3v41xv _1dBPDZ']]
]]></system-out>
    <system-err><![CDATA[Starting ChromeDriver 84.0.4147.30 (48b3e868b4cc0aa7e8149519690b6f6949e110a8-refs/branch-heads/4147@{#310}) on port 22642
Only local connections are allowed.
Please see https://chromedriver.chromium.org/security-considerations for suggestions on keeping ChromeDriver safe.
ChromeDriver was started successfully.
[1599112595.962][WARNING]: This version of ChromeDriver has not been tested with Chrome version 85.
Sep 03, 2020 11:26:38 AM org.openqa.selenium.remote.ProtocolHandshake createSession
INFO: Detected dialect: W3C
]]></system-err>
  </testcase>
  <testcase name="User add below products into cart" classname="Cart Items" time="15.098">
    <error message="stale element reference: element is not attached to the page document&#10;  (Session info: chrome=85.0.4183.83)&#10;For documentation on this error, please visit: http://seleniumhq.org/exceptions/stale_element_reference.html&#10;Build info: version: &apos;3.14.0&apos;, revision: &apos;aacccce0&apos;, time: &apos;2018-08-02T20:19:58.91Z&apos;&#10;System info: host: &apos;LAPTOP-DQ5HS337&apos;, ip: &apos;192.168.0.101&apos;, os.name: &apos;Windows 10&apos;, os.arch: &apos;amd64&apos;, os.version: &apos;10.0&apos;, java.version: &apos;1.8.0_181&apos;&#10;Driver info: org.openqa.selenium.chrome.ChromeDriver&#10;Capabilities {acceptInsecureCerts: false, browserName: chrome, browserVersion: 85.0.4183.83, chrome: {chromedriverVersion: 84.0.4147.30 (48b3e868b4cc0..., userDataDir: C:\Users\ABHISH~1\AppData\L...}, goog:chromeOptions: {debuggerAddress: localhost:64212}, javascriptEnabled: true, networkConnectionEnabled: false, pageLoadStrategy: normal, platform: WINDOWS, platformName: WINDOWS, proxy: Proxy(), setWindowRect: true, strictFileInteractability: false, timeouts: {implicit: 0, pageLoad: 300000, script: 30000}, unhandledPromptBehavior: dismiss and notify, webauthn:virtualAuthenticators: true}&#10;Session ID: 3820c54cf0ddafbed9e3bf4763d751f4" type="org.openqa.selenium.StaleElementReferenceException"><![CDATA[org.openqa.selenium.StaleElementReferenceException: 
stale element reference: element is not attached to the page document
  (Session info: chrome=85.0.4183.83)
For documentation on this error, please visit: http://seleniumhq.org/exceptions/stale_element_reference.html
Build info: version: '3.14.0', revision: 'aacccce0', time: '2018-08-02T20:19:58.91Z'
System info: host: 'LAPTOP-DQ5HS337', ip: '192.168.0.101', os.name: 'Windows 10', os.arch: 'amd64', os.version: '10.0', java.version: '1.8.0_181'
Driver info: org.openqa.selenium.chrome.ChromeDriver
Capabilities {acceptInsecureCerts: false, browserName: chrome, browserVersion: 85.0.4183.83, chrome: {chromedriverVersion: 84.0.4147.30 (48b3e868b4cc0..., userDataDir: C:\Users\ABHISH~1\AppData\L...}, goog:chromeOptions: {debuggerAddress: localhost:64212}, javascriptEnabled: true, networkConnectionEnabled: false, pageLoadStrategy: normal, platform: WINDOWS, platformName: WINDOWS, proxy: Proxy(), setWindowRect: true, strictFileInteractability: false, timeouts: {implicit: 0, pageLoad: 300000, script: 30000}, unhandledPromptBehavior: dismiss and notify, webauthn:virtualAuthenticators: true}
Session ID: 3820c54cf0ddafbed9e3bf4763d751f4
]]></error>
    <system-out><![CDATA[driver initailzed as :ChromeDriver: chrome on WINDOWS (3820c54cf0ddafbed9e3bf4763d751f4)
driver Recieved asChromeDriver: chrome on WINDOWS (3820c54cf0ddafbed9e3bf4763d751f4)
[[ChromeDriver: chrome on WINDOWS (3820c54cf0ddafbed9e3bf4763d751f4)] -> xpath: //input[@class='_2zrpKA _1dBPDZ']]
[[ChromeDriver: chrome on WINDOWS (3820c54cf0ddafbed9e3bf4763d751f4)] -> xpath: //input[@class='_2zrpKA _3v41xv _1dBPDZ']]
]]></system-out>
    <system-err><![CDATA[Starting ChromeDriver 84.0.4147.30 (48b3e868b4cc0aa7e8149519690b6f6949e110a8-refs/branch-heads/4147@{#310}) on port 11242
Only local connections are allowed.
Please see https://chromedriver.chromium.org/security-considerations for suggestions on keeping ChromeDriver safe.
ChromeDriver was started successfully.
[1599112610.103][WARNING]: This version of ChromeDriver has not been tested with Chrome version 85.
Sep 03, 2020 11:26:52 AM org.openqa.selenium.remote.ProtocolHandshake createSession
INFO: Detected dialect: W3C
]]></system-err>
  </testcase>
  <testcase name="User Navigate to His Choice of Menu" classname="User Navigate to Menu" time="24.963">
    <system-out><![CDATA[driver initailzed as :ChromeDriver: chrome on WINDOWS (8c1431f9e63fe7fe150304a9c71e4281)
driver Recieved asChromeDriver: chrome on WINDOWS (8c1431f9e63fe7fe150304a9c71e4281)
[[ChromeDriver: chrome on WINDOWS (8c1431f9e63fe7fe150304a9c71e4281)] -> xpath: //input[@class='_2zrpKA _1dBPDZ']]
[[ChromeDriver: chrome on WINDOWS (8c1431f9e63fe7fe150304a9c71e4281)] -> xpath: //input[@class='_2zrpKA _3v41xv _1dBPDZ']]
0
Main Category Found As: [[ChromeDriver: chrome on WINDOWS (8c1431f9e63fe7fe150304a9c71e4281)] -> xpath: //span[@class='_1QZ6fC _3Lgyp8']]
Returning MainMenuFOund as true
Electronics
]]></system-out>
    <system-err><![CDATA[Starting ChromeDriver 84.0.4147.30 (48b3e868b4cc0aa7e8149519690b6f6949e110a8-refs/branch-heads/4147@{#310}) on port 24957
Only local connections are allowed.
Please see https://chromedriver.chromium.org/security-considerations for suggestions on keeping ChromeDriver safe.
ChromeDriver was started successfully.
[1599112625.585][WARNING]: This version of ChromeDriver has not been tested with Chrome version 85.
Sep 03, 2020 11:27:07 AM org.openqa.selenium.remote.ProtocolHandshake createSession
INFO: Detected dialect: W3C
]]></system-err>
  </testcase>
  <testcase name="User Navigate to His Choice of Menu" classname="User Navigate to Menu" time="26.633">
    <system-out><![CDATA[driver initailzed as :ChromeDriver: chrome on WINDOWS (c53b17ff492494ebd153e781994072e7)
driver Recieved asChromeDriver: chrome on WINDOWS (c53b17ff492494ebd153e781994072e7)
[[ChromeDriver: chrome on WINDOWS (c53b17ff492494ebd153e781994072e7)] -> xpath: //input[@class='_2zrpKA _1dBPDZ']]
[[ChromeDriver: chrome on WINDOWS (c53b17ff492494ebd153e781994072e7)] -> xpath: //input[@class='_2zrpKA _3v41xv _1dBPDZ']]
0
Main Category Found As: [[ChromeDriver: chrome on WINDOWS (c53b17ff492494ebd153e781994072e7)] -> xpath: //span[@class='_1QZ6fC _3Lgyp8']]
Returning MainMenuFOund as true
TVs & Appliances
]]></system-out>
    <system-err><![CDATA[Starting ChromeDriver 84.0.4147.30 (48b3e868b4cc0aa7e8149519690b6f6949e110a8-refs/branch-heads/4147@{#310}) on port 42697
Only local connections are allowed.
Please see https://chromedriver.chromium.org/security-considerations for suggestions on keeping ChromeDriver safe.
ChromeDriver was started successfully.
[1599112650.896][WARNING]: This version of ChromeDriver has not been tested with Chrome version 85.
Sep 03, 2020 11:27:33 AM org.openqa.selenium.remote.ProtocolHandshake createSession
INFO: Detected dialect: W3C
]]></system-err>
  </testcase>
  <testcase name="Login with Different Credentials" classname="Login TO Flipkart" time="15.257">
    <system-out><![CDATA[driver initailzed as :ChromeDriver: chrome on WINDOWS (0807d1fd87a78481a8df07c6d6ed4011)
driver Recieved asChromeDriver: chrome on WINDOWS (0807d1fd87a78481a8df07c6d6ed4011)
[[ChromeDriver: chrome on WINDOWS (0807d1fd87a78481a8df07c6d6ed4011)] -> xpath: //input[@class='_2zrpKA _1dBPDZ']]
[[ChromeDriver: chrome on WINDOWS (0807d1fd87a78481a8df07c6d6ed4011)] -> xpath: //input[@class='_2zrpKA _3v41xv _1dBPDZ']]
1
]]></system-out>
    <system-err><![CDATA[Starting ChromeDriver 84.0.4147.30 (48b3e868b4cc0aa7e8149519690b6f6949e110a8-refs/branch-heads/4147@{#310}) on port 33497
Only local connections are allowed.
Please see https://chromedriver.chromium.org/security-considerations for suggestions on keeping ChromeDriver safe.
ChromeDriver was started successfully.
[1599112676.883][WARNING]: This version of ChromeDriver has not been tested with Chrome version 85.
Sep 03, 2020 11:27:58 AM org.openqa.selenium.remote.ProtocolHandshake createSession
INFO: Detected dialect: W3C
]]></system-err>
  </testcase>
  <testcase name="Login with Different Credentials" classname="Login TO Flipkart" time="12.107">
    <system-out><![CDATA[driver initailzed as :ChromeDriver: chrome on WINDOWS (5ec2bad758fffd9aebb317fa0ed02e79)
driver Recieved asChromeDriver: chrome on WINDOWS (5ec2bad758fffd9aebb317fa0ed02e79)
[[ChromeDriver: chrome on WINDOWS (5ec2bad758fffd9aebb317fa0ed02e79)] -> xpath: //input[@class='_2zrpKA _1dBPDZ']]
[[ChromeDriver: chrome on WINDOWS (5ec2bad758fffd9aebb317fa0ed02e79)] -> xpath: //input[@class='_2zrpKA _3v41xv _1dBPDZ']]
0
Your username or password is incorrect
]]></system-out>
    <system-err><![CDATA[Starting ChromeDriver 84.0.4147.30 (48b3e868b4cc0aa7e8149519690b6f6949e110a8-refs/branch-heads/4147@{#310}) on port 38705
Only local connections are allowed.
Please see https://chromedriver.chromium.org/security-considerations for suggestions on keeping ChromeDriver safe.
ChromeDriver was started successfully.
[1599112691.737][WARNING]: This version of ChromeDriver has not been tested with Chrome version 85.
Sep 03, 2020 11:28:13 AM org.openqa.selenium.remote.ProtocolHandshake createSession
INFO: Detected dialect: W3C
]]></system-err>
  </testcase>
</testsuite>